<?xml version="1.0" encoding="UTF-8"?>
<!-- Generated by org.testng.reporters.JUnitXMLReporter -->
<testsuite hostname="DESKTOP-DJM2UUE" ignored="0" name="Hotel Search Functionality(Flow 2)" tests="5" failures="0" timestamp="10 Jun 2020 20:14:33 GMT" time="36.15" errors="0">
  <testcase name="searchHotelTest" time="12.047" classname="com.noon.testCases.SearchHotelTest"/>
  <testcase name="verifyHotelNameTest" time="7.892" classname="com.noon.testCases.HotelsListingPageTest"/>
  <testcase name="sortHotelListingByGuestsRatingTest" time="2.882" classname="com.noon.testCases.HotelsListingPageTest"/>
  <testcase name="verifyCurrentHotelsSortingOptionTest" time="5.696" classname="com.noon.testCases.HotelsListingPageTest"/>
  <testcase name="fetchHotelNamesAndPricesTest" time="3.304" classname="com.noon.testCases.HotelsListingPageTest"/>
</testsuite> <!-- Hotel Search Functionality(Flow 2) -->
