<?xml version="1.0" encoding="UTF-8"?>
<!-- Generated by org.testng.reporters.JUnitXMLReporter -->
<testsuite hostname="DESKTOP-DJM2UUE" ignored="0" name="Hotel Search Functionality" tests="5" failures="0" timestamp="10 Jun 2020 18:47:58 GMT" time="88.757" errors="0">
  <testcase name="searchHotelTest" time="65.03" classname="com.noon.testCases.SearchHotelTest"/>
  <testcase name="verifyHotelNameTest" time="11.485" classname="com.noon.testCases.HotelsListingPageTest"/>
  <testcase name="sortHotelListingByGuestsRatingTest" time="4.024" classname="com.noon.testCases.HotelsListingPageTest"/>
  <testcase name="verifyCurrentHotelsSortingOptionTest" time="6.373" classname="com.noon.testCases.HotelsListingPageTest"/>
  <testcase name="fetchHotelNamesAndPricesTest" time="1.53" classname="com.noon.testCases.HotelsListingPageTest"/>
</testsuite> <!-- Hotel Search Functionality -->
