<?xml version="1.0" encoding="UTF-8"?>
<!-- Generated by org.testng.reporters.JUnitXMLReporter -->
<testsuite hostname="DESKTOP-DJM2UUE" ignored="0" name="Login to Portal Test" tests="2" failures="0" timestamp="10 Jun 2020 13:32:47 GMT" time="34.131" errors="0">
  <testcase name="clickSignInLinkTest" time="3.324" classname="com.noon.testCases.LandingPageTest"/>
  <testcase name="performSignInTest" time="30.382" classname="com.noon.testCases.LoginPageTest"/>
</testsuite> <!-- Login to Portal Test -->
