<?xml version="1.0" encoding="UTF-8"?>
<!-- Generated by org.testng.reporters.JUnitXMLReporter -->
<testsuite hostname="DESKTOP-DJM2UUE" ignored="0" name="Login to Portal Test(Flow 1)" tests="2" failures="0" timestamp="10 Jun 2020 20:13:56 GMT" time="98.504" errors="0">
  <testcase name="clickSignInLinkTest" time="13.779" classname="com.noon.testCases.LandingPageTest"/>
  <testcase name="performSignInTest" time="31.256" classname="com.noon.testCases.LoginPageTest"/>
</testsuite> <!-- Login to Portal Test(Flow 1) -->
